<?xml version="1.0" encoding="UTF-8" ?>
<testsuites>
  <testsuite errors="0" failures="0" hostname="C02JV0UHDKQ5.local" id="0" name="CardTest" package="" tests="7" time="0.711" timestamp="2014-07-04T20:49:34">
      <properties>
[...]
</properties>

      <testcase classname="CardTest" name="test_card_value_ranking" time="0.28" />

      <testcase classname="CardTest" name="test_suits_alphabetical_ranking" time="0.001" />

      <testcase classname="CardTest" name="test_card_sort" time="0.049" />

      <testcase classname="CardTest" name="test_card_sort_same_value_different_suit" time="0.002" />

      <testcase classname="CardTest" name="should_parse_card_from_string_representation" time="0.01" />

      <testcase classname="CardTest" name="should_provide_string_representation_from_card" time="0.017" />

      <testcase classname="CardTest" name="should_provide_short_form_string_representation_from_card" time="0.008" />

      <system-out><![CDATA[]]></system-out>

      <system-err><![CDATA[]]></system-err>

  </testsuite>
  <testsuite errors="0" failures="0" hostname="C02JV0UHDKQ5.local" id="1" name="DeckTest" package="" tests="2" time="0.031" timestamp="2014-07-04T20:49:35">
      <properties>
[...]
</properties>

      <testcase classname="DeckTest" name="test_get_card_from_deck" time="0.026" />

      <testcase classname="DeckTest" name="test_cannot_get_same_card_twice" time="0.001" />

      <system-out><![CDATA[]]></system-out>

      <system-err><![CDATA[]]></system-err>

  </testsuite>
  <testsuite errors="0" failures="0" hostname="C02JV0UHDKQ5.local" id="2" name="PokerHandTest" package="" tests="3" time="0.029" timestamp="2014-07-04T20:49:35">
      <properties>
[...]
</properties>

      <testcase classname="PokerHandTest" name="should_construct_with_card_instances" time="0.014" />

      <testcase classname="PokerHandTest" name="should_pretty_print_to_string" time="0.008" />

      <testcase classname="PokerHandTest" name="should_construct_with_string" time="0.003" />

      <system-out><![CDATA[]]></system-out>

      <system-err><![CDATA[]]></system-err>

  </testsuite>
  <testsuite errors="0" failures="0" hostname="C02JV0UHDKQ5.local" id="3" name="PokerTest" package="" tests="14" time="0.092" timestamp="2014-07-04T20:49:35">
      <properties>
[...]
</properties>

      <testcase classname="PokerTest" name="test_hand_value_ranking" time="0.01" />

      <testcase classname="PokerTest" name="test_card_value_counts" time="0.004" />

      <testcase classname="PokerTest" name="test_straight_detection" time="0.012" />

      <testcase classname="PokerTest" name="should_evaluate_to_a_straight_flush" time="0.012" />

      <testcase classname="PokerTest" name="should_evaluate_to_a_four_of_a_kind" time="0.009" />

      <testcase classname="PokerTest" name="should_evaluate_to_a_full_house" time="0.003" />

      <testcase classname="PokerTest" name="should_evaluate_to_a_flush" time="0.001" />

      <testcase classname="PokerTest" name="should_evaluate_to_a_straight" time="0.001" />

      <testcase classname="PokerTest" name="should_evaluate_to_a_three_of_a_kind" time="0.003" />

      <testcase classname="PokerTest" name="should_evaluate_to_a_two_pairs" time="0.004" />

      <testcase classname="PokerTest" name="should_evaluate_to_a_one_pair" time="0.003" />

      <testcase classname="PokerTest" name="should_evaluate_to_only_high_card" time="0.001" />

      <testcase classname="PokerTest" name="should_parse_scoring_hand_string_by_scoring_hand" time="0.001" />

      <testcase classname="PokerTest" name="should_select_correct_winner" time="0.016" />

      <system-out><![CDATA[]]></system-out>

      <system-err><![CDATA[]]></system-err>

  </testsuite>
</testsuites>
